<?xml version="1.0" encoding="UTF-8"?>
<!-- Generated by org.testng.reporters.JUnitReportReporter -->
<testsuite hostname="P3B-1P8KGP2" failures="0" tests="1" name="Excelsheet" time="31.096" errors="0" timestamp="2020-01-23T06:52:17 CST" skipped="0">
  <testcase classname="Excelsheet" name="testAut" time="31.096"/>
</testsuite> <!-- Excelsheet -->
